%!Adobe-FontList 1.22
%Locale:0x409

%BeginFont
Handler:DirectoryHandler
FontType:TrueType
FontName:DarkArtsBB
FamilyName:DarkArts BB
StyleName:Regular
FullName:DarkArts BB
MenuName:DarkArts BB
StyleBits:0
WritingScript:Roman
OutlineFileName:C:\Brutus\Dakara\DrDNext\Rules\Document fonts\DarkartsBb-joM.ttf
DataFormat:sfntData
hasSVG:no
VariableFontType:NonVariableFont
FileLength:37764
FileModTime:1578064182
WeightClass:400
WidthClass:5
AngleClass:0
NameArray:0,Mac,4,DarkArts BB
NameArray:0,Win,1,DarkArts BB
%EndFont

%BeginFont
Handler:DirectoryHandler
FontType:TrueType
FontName:EmojiOneColorSVGinOT
FamilyName:EmojiOne Color
StyleName:Regular
FullName:EmojiOne Color SVGinOT
MenuName:EmojiOne Color
StyleBits:0
WritingScript:Emoji
OutlineFileName:C:\Brutus\Dakara\DrDNext\Rules\Document fonts\EmojiOneColor-SVGinOT.ttf
DataFormat:sfntData
hasSVG:yes
VariableFontType:NonVariableFont
FileLength:6193636
FileModTime:1593029466
WeightClass:400
WidthClass:5
AngleClass:0
NameArray:0,Mac,4,EmojiOne Color SVGinOT
NameArray:0,Win,1,EmojiOne Color
%EndFont

%BeginFont
Handler:DirectoryHandler
FontType:Type1
FontName:EmojiOneColor
FamilyName:EmojiOne
StyleName:Color
FullName:EmojiOne
MenuName:EmojiOne
StyleBits:0
WritingScript:Emoji
OutlineFileName:C:\Brutus\Dakara\DrDNext\Rules\Document fonts\EmojiOneColor.otf
DataFormat:sfntData
UsesStandardEncoding:yes
isCFF:yes
hasSVG:yes
VariableFontType:NonVariableFont
FileLength:4232712
FileModTime:1574829002
WeightClass:400
WidthClass:5
AngleClass:0
NameArray:0,Mac,4,EmojiOne
NameArray:0,Win,1,EmojiOne
%EndFont

%BeginFont
Handler:DirectoryHandler
FontType:TrueType
FontName:Cambria
FamilyName:Cambria
StyleName:Regular
FullName:Cambria
MenuName:Cambria
StyleBits:0
WritingScript:Roman
OutlineFileName:C:\Brutus\Dakara\DrDNext\Rules\Document fonts\cambria.ttc
TTCOffset:32
DataFormat:sfntData
hasSVG:no
VariableFontType:NonVariableFont
FileLength:1792664
FileModTime:1575709706
WeightClass:400
WidthClass:5
AngleClass:0
NameArray:0,Mac,4,Cambria
NameArray:0,Win,1,Cambria
%EndFont

%BeginFont
Handler:DirectoryHandler
FontType:TrueType
FontName:Cambria-Bold
FamilyName:Cambria
StyleName:Bold
FullName:Cambria Bold
MenuName:Cambria
StyleBits:2
WritingScript:Roman
OutlineFileName:C:\Brutus\Dakara\DrDNext\Rules\Document fonts\cambriab.ttf
DataFormat:sfntData
hasSVG:no
VariableFontType:NonVariableFont
FileLength:841440
FileModTime:1575709717
WeightClass:700
WidthClass:5
AngleClass:0
NameArray:0,Mac,4,Cambria Bold
NameArray:0,Win,1,Cambria
%EndFont

%BeginFont
Handler:DirectoryHandler
FontType:TrueType
FontName:Cambria-Italic
FamilyName:Cambria
StyleName:Italic
FullName:Cambria Italic
MenuName:Cambria
StyleBits:1
WritingScript:Roman
OutlineFileName:C:\Brutus\Dakara\DrDNext\Rules\Document fonts\cambriai.ttf
DataFormat:sfntData
hasSVG:no
VariableFontType:NonVariableFont
FileLength:892620
FileModTime:1575709717
WeightClass:400
WidthClass:5
AngleClass:1
NameArray:0,Mac,4,Cambria Italic
NameArray:0,Win,1,Cambria
%EndFont

%BeginFont
Handler:DirectoryHandler
FontType:TrueType
FontName:Cambria-BoldItalic
FamilyName:Cambria
StyleName:Bold Italic
FullName:Cambria Bold Italic
MenuName:Cambria
StyleBits:3
WritingScript:Roman
OutlineFileName:C:\Brutus\Dakara\DrDNext\Rules\Document fonts\cambriaz.ttf
DataFormat:sfntData
hasSVG:no
VariableFontType:NonVariableFont
FileLength:856672
FileModTime:1575709717
WeightClass:700
WidthClass:5
AngleClass:1
NameArray:0,Mac,4,Cambria Bold Italic
NameArray:0,Win,1,Cambria
%EndFont

%BeginFont
Handler:DirectoryHandler
FontType:TrueType
FontName:Constantia
FamilyName:Constantia
StyleName:Regular
FullName:Constantia
MenuName:Constantia
StyleBits:0
WritingScript:Roman
OutlineFileName:C:\Brutus\Dakara\DrDNext\Rules\Document fonts\constan.ttf
DataFormat:sfntData
hasSVG:no
VariableFontType:NonVariableFont
FileLength:448376
FileModTime:1575709717
WeightClass:400
WidthClass:5
AngleClass:0
NameArray:0,Mac,4,Constantia
NameArray:0,Win,1,Constantia
%EndFont

%BeginFont
Handler:DirectoryHandler
FontType:TrueType
FontName:Constantia-Bold
FamilyName:Constantia
StyleName:Bold
FullName:Constantia Bold
MenuName:Constantia
StyleBits:2
WritingScript:Roman
OutlineFileName:C:\Brutus\Dakara\DrDNext\Rules\Document fonts\constanb.ttf
DataFormat:sfntData
hasSVG:no
VariableFontType:NonVariableFont
FileLength:451824
FileModTime:1575709717
WeightClass:700
WidthClass:5
AngleClass:0
NameArray:0,Mac,4,Constantia Bold
NameArray:0,Win,1,Constantia
%EndFont

%BeginFont
Handler:DirectoryHandler
FontType:TrueType
FontName:Constantia-Italic
FamilyName:Constantia
StyleName:Italic
FullName:Constantia Italic
MenuName:Constantia
StyleBits:1
WritingScript:Roman
OutlineFileName:C:\Brutus\Dakara\DrDNext\Rules\Document fonts\constani.ttf
DataFormat:sfntData
hasSVG:no
VariableFontType:NonVariableFont
FileLength:448748
FileModTime:1575709717
WeightClass:400
WidthClass:5
AngleClass:1
NameArray:0,Mac,4,Constantia Italic
NameArray:0,Win,1,Constantia
%EndFont

%BeginFont
Handler:DirectoryHandler
FontType:TrueType
FontName:Constantia-BoldItalic
FamilyName:Constantia
StyleName:Bold Italic
FullName:Constantia Bold Italic
MenuName:Constantia
StyleBits:3
WritingScript:Roman
OutlineFileName:C:\Brutus\Dakara\DrDNext\Rules\Document fonts\constanz.ttf
DataFormat:sfntData
hasSVG:no
VariableFontType:NonVariableFont
FileLength:455564
FileModTime:1575709717
WeightClass:700
WidthClass:5
AngleClass:1
NameArray:0,Mac,4,Constantia Bold Italic
NameArray:0,Win,1,Constantia
%EndFont

